<?xml version="1.0" encoding="UTF-8"?>
<!-- Generated by org.testng.reporters.JUnitXMLReporter -->
<testsuite ignored="0" hostname="LAPTOP-QRAL9A5K" failures="0" tests="13" name="Default test" time="87.329" errors="0" timestamp="2022-06-19T16:09:32 IST">
  <testcase classname="capstone.Testngcapstone" name="test1" time="6.824"/>
  <testcase classname="capstone.Testngcapstone" name="test2" time="5.273"/>
  <testcase classname="capstone.Testngcapstone" name="test3" time="3.644"/>
  <testcase classname="capstone.Testngcapstone" name="test4" time="4.018"/>
  <testcase classname="capstone.Testngcapstone" name="test5" time="5.891"/>
  <testcase classname="capstone.Testngcapstone" name="test6" time="4.174"/>
  <testcase classname="capstone.Testngcapstone" name="test7" time="5.486"/>
  <testcase classname="capstone.Testngcapstone" name="test8" time="4.465"/>
  <testcase classname="capstone.Testngcapstone" name="test9" time="8.447"/>
  <testcase classname="capstone.Testngcapstone" name="test10" time="10.321"/>
  <testcase classname="capstone.Testngcapstone" name="test11" time="8.332"/>
  <testcase classname="capstone.Testngcapstone" name="test12" time="7.292"/>
  <testcase classname="capstone.Testngcapstone" name="test13" time="13.029"/>
</testsuite> <!-- Default test -->
